Flutter crash report.
Please report a bug at https://github.com/flutter/flutter/issues.

## command

flutter run

## exception

FileSystemException: FileSystemException: Exists failed, path = 'C:\Flutter\flutterorginal works\AMAZON APP FLUTTER\flutter_application_2\assets\image1.png
- assets' (OS Error: The filename, directory name, or volume label syntax is incorrect.
, errno = 123)

```
#0      _Directory.existsSync (dart:io/directory_impl.dart:92:7)
#1      ForwardingFileSystemEntity.existsSync (package:file/src/forwarding/forwarding_file_system_entity.dart:43:33)
#2      ErrorHandlingDirectory.existsSync.<anonymous closure> (package:flutter_tools/src/base/error_handling_io.dart:492:22)
#3      _runSync (package:flutter_tools/src/base/error_handling_io.dart:590:14)
#4      ErrorHandlingDirectory.existsSync (package:flutter_tools/src/base/error_handling_io.dart:491:12)
#5      _AssetDirectoryCache.variantsFor (package:flutter_tools/src/asset.dart:1100:43)
#6      ManifestAssetBundle._parseAssetFromFile (package:flutter_tools/src/asset.dart:933:37)
#7      ManifestAssetBundle._parseAssets (package:flutter_tools/src/asset.dart:810:9)
#8      ManifestAssetBundle.build (package:flutter_tools/src/asset.dart:261:54)
<asynchronous suspension>
#9      ResidentWebRunner._updateDevFS (package:flutter_tools/src/isolated/resident_web_runner.dart:504:26)
<asynchronous suspension>
#10     ResidentWebRunner.run.<anonymous closure> (package:flutter_tools/src/isolated/resident_web_runner.dart:308:41)
<asynchronous suspension>
#11     asyncGuard.<anonymous closure> (package:flutter_tools/src/base/async_guard.dart:111:24)
<asynchronous suspension>
```

## flutter doctor

```
[32m[✓][39m Flutter (Channel stable, 3.13.2, on Microsoft
    Windows [Version 10.0.19045.3930], locale en-US)
    [32m•[39m Flutter version 3.13.2 on channel stable at
      C:\Flutter\flutter
    [32m•[39m Upstream repository
      https://github.com/flutter/flutter.git
    [32m•[39m Framework revision ff5b5b5fa6 (6 months ago),
      2023-08-24 08:12:28 -0500
    [32m•[39m Engine revision b20183e040
    [32m•[39m Dart version 3.1.0
    [32m•[39m DevTools version 2.25.0

[32m[✓][39m Windows Version (Installed version of Windows is
    version 10 or higher)

[33m[!][39m Android toolchain - develop for Android devices
    (Android SDK version 34.0.0)
    [32m•[39m Android SDK at
      C:\Users\hp\AppData\Local\Android\sdk
    [31m✗[39m cmdline-tools component is missing
      Run `path/to/sdkmanager --install
      "cmdline-tools;latest"`
      See
      https://developer.android.com/studio/command-line
      for more details.
    [31m✗[39m Android license status unknown.
      Run `flutter doctor --android-licenses` to accept
      the SDK licenses.
      See
      https://flutter.dev/docs/get-started/install/windo
      ws#android-setup for more details.

[32m[✓][39m Chrome - develop for the web
    [32m•[39m Chrome at C:\Program
      Files\Google\Chrome\Application\chrome.exe

[32m[✓][39m Visual Studio - develop Windows apps (Visual Studio
    Community 2022 17.8.3)
    [32m•[39m Visual Studio at C:\Program Files\Microsoft Visual
      Studio\2022\Community
    [32m•[39m Visual Studio Community 2022 version
      17.8.34330.188
    [32m•[39m Windows 10 SDK version 10.0.22621.0

[32m[✓][39m Android Studio (version 2023.1)
    [32m•[39m Android Studio at C:\Program Files\Android\Android
      Studio
    [32m•[39m Flutter plugin can be installed from:
      🔨
      https://plugins.jetbrains.com/plugin/9212-flutter
    [32m•[39m Dart plugin can be installed from:
      🔨 https://plugins.jetbrains.com/plugin/6351-dart
    [32m•[39m Java version OpenJDK Runtime Environment (build
      17.0.7+0-b2043.56-10550314)

[32m[✓][39m VS Code (version 1.86.1)
    [32m•[39m VS Code at
      C:\Users\hp\AppData\Local\Programs\Microsoft VS
      Code
    [32m•[39m Flutter extension can be installed from:
      🔨
      https://marketplace.visualstudio.com/items?itemNam
      e=Dart-Code.flutter

[32m[✓][39m Connected device (3 available)
    [32m•[39m Windows (desktop) • windows • windows-x64    •
      Microsoft Windows [Version 10.0.19045.3930]
    [32m•[39m Chrome (web)      • chrome  • web-javascript •
      Google Chrome 121.0.6167.161
    [32m•[39m Edge (web)        • edge    • web-javascript •
      Microsoft Edge 121.0.2277.112

[32m[✓][39m Network resources
    [32m•[39m All expected network resources are available.

[33m![39m Doctor found issues in 1 category.
```
